d:\projects\qtogl\qtogl\debug\vc120.pdb
d:\projects\qtogl\qtogl\debug\qtogl.obj
d:\projects\qtogl\qtogl\debug\main.obj
d:\projects\qtogl\qtogl\debug\moc_qtogl.obj
d:\projects\qtogl\qtogl\debug\qrc_qtogl.obj
d:\projects\qtogl\qtogl\generatedfiles\debug\moc_qtogl.cpp
d:\projects\qtogl\qtogl\generatedfiles\ui_qtogl.h
d:\projects\qtogl\qtogl\generatedfiles\qrc_qtogl.cpp
d:\projects\qtogl\win32\debug\qtogl.ilk
d:\projects\qtogl\win32\debug\qtogl.exe
d:\projects\qtogl\win32\debug\qtogl.pdb
d:\projects\qtogl\qtogl\debug\qtogl.tlog\cl.command.1.tlog
d:\projects\qtogl\qtogl\debug\qtogl.tlog\cl.read.1.tlog
d:\projects\qtogl\qtogl\debug\qtogl.tlog\cl.write.1.tlog
d:\projects\qtogl\qtogl\debug\qtogl.tlog\custombuild.command.1.tlog
d:\projects\qtogl\qtogl\debug\qtogl.tlog\custombuild.read.1.tlog
d:\projects\qtogl\qtogl\debug\qtogl.tlog\custombuild.write.1.tlog
d:\projects\qtogl\qtogl\debug\qtogl.tlog\link.command.1.tlog
d:\projects\qtogl\qtogl\debug\qtogl.tlog\link.read.1.tlog
d:\projects\qtogl\qtogl\debug\qtogl.tlog\link.write.1.tlog
