生成启动时间为 12/4/2018 12:46:48 AM。
     1>项目“D:\CLASS\CS550 Intro of Graphics\Term Project\QTOGL\QtOGL\QtOGL.vcxproj”在节点 2 上(Build 个目标)。
     1>C:\Program Files (x86)\MSBuild\Microsoft.Cpp\v4.0\V120\Microsoft.CppBuild.targets(381,5): warning MSB8028: The intermediate directory (Win32\Debug\) contains files shared from another project (ShadowMap.vcxproj).  This can lead to incorrect clean and rebuild behavior.
     1>C:\Program Files (x86)\MSBuild\Microsoft.Cpp\v4.0\V120\Microsoft.CppBuild.targets(935,5): warning MSB8027: Two or more files with the name of moc_OGLFramework.cpp will produce outputs to the same location. This can lead to an incorrect build result.  The files involved are GeneratedFiles\Debug\moc_OGLFramework.cpp, GeneratedFiles\Release\moc_OGLFramework.cpp.
     1>C:\Program Files (x86)\MSBuild\Microsoft.Cpp\v4.0\V120\Microsoft.CppBuild.targets(935,5): warning MSB8027: Two or more files with the name of moc_QtOGL.cpp will produce outputs to the same location. This can lead to an incorrect build result.  The files involved are GeneratedFiles\Debug\moc_QtOGL.cpp, GeneratedFiles\Release\moc_QtOGL.cpp.
     1>ClCompile:
         D:\Visual Studio\VC\bin\CL.exe /c /I.\GeneratedFiles /I. /ID:\Qt\5.8\msvc2013_32\include /I.\GeneratedFiles\Debug /ID:\Qt\5.8\msvc2013_32\include\QtCore /ID:\Qt\5.8\msvc2013_32\include\QtGui /ID:\Qt\5.8\msvc2013_32\include\QtOpenGL /ID:\Qt\5.8\msvc2013_32\include\QtWidgets /Zi /nologo /W1 /WX- /Od /Oy- /D UNICODE /D WIN32 /D WIN64 /D QT_DLL /D QT_CORE_LIB /D QT_GUI_LIB /D QT_OPENGL_LIB /D QT_WIDGETS_LIB /Gm- /EHsc /MDd /GS /fp:precise /Zc:wchar_t /Zc:forScope /Fo"Win32\Debug\\" /Fd"Win32\Debug\vc120.pdb" /Gd /TP /analyze- /errorReport:prompt ShadowMapGL.cpp
         ShadowMapGL.cpp
       Link:
         D:\Visual Studio\VC\bin\link.exe /ERRORREPORT:PROMPT /OUT:"D:\CLASS\CS550 Intro of Graphics\Term Project\QTOGL\Win32\Debug\\QTOGL.exe" /NOLOGO /LIBPATH:D:\Qt\5.8\msvc2013_32\lib qtmaind.lib Qt5Cored.lib Qt5Guid.lib Qt5OpenGLd.lib opengl32.lib glew32.lib glu32.lib Qt5Widgetsd.lib FreeImage.lib assimp.lib kernel32.lib user32.lib gdi32.lib winspool.lib comdlg32.lib advapi32.lib shell32.lib ole32.lib oleaut32.lib uuid.lib odbc32.lib odbccp32.lib /MANIFEST /MANIFESTUAC:"level='asInvoker' uiAccess='false'" /manifest:embed /DEBUG /PDB:"D:\CLASS\CS550 Intro of Graphics\Term Project\QTOGL\Win32\Debug\QTOGL.pdb" /SUBSYSTEM:WINDOWS /TLBID:1 /DYNAMICBASE /NXCOMPAT /IMPLIB:"D:\CLASS\CS550 Intro of Graphics\Term Project\QTOGL\Win32\Debug\QTOGL.lib" /MACHINE:X86 /SAFESEH /SAFESEH:NO Win32\Debug\moc_OGLFramework.obj
         Win32\Debug\moc_QtOGL.obj
         Win32\Debug\qrc_QtOGL.obj
         Win32\Debug\loadingShaders.obj
         Win32\Debug\OGLFramework.obj
         Win32\Debug\QtOGL.obj
         Win32\Debug\ShadowMapGL.obj
         Win32\Debug\loadingModel.obj
         Win32\Debug\main.obj
         QtOGL.vcxproj -> D:\CLASS\CS550 Intro of Graphics\Term Project\QTOGL\Win32\Debug\QTOGL.exe
     1>已完成生成项目“D:\CLASS\CS550 Intro of Graphics\Term Project\QTOGL\QtOGL\QtOGL.vcxproj”(Build 个目标)的操作。

生成成功。

已用时间 00:00:02.28
