d:\projects\qtogl\qtogl\win32\debug\vc120.pdb
d:\projects\qtogl\qtogl\win32\debug\sh.obj
d:\projects\qtogl\qtogl\win32\debug\cubemaptoshcoef.obj
d:\projects\qtogl\qtogl\win32\debug\qtogl.obj
d:\projects\qtogl\qtogl\win32\debug\oglframework.obj
d:\projects\qtogl\qtogl\win32\debug\loadingshaders.obj
d:\projects\qtogl\qtogl\win32\debug\moc_qtogl.obj
d:\projects\qtogl\qtogl\win32\debug\moc_oglframework.obj
d:\projects\qtogl\qtogl\win32\debug\main.obj
d:\projects\qtogl\qtogl\win32\debug\loadingmodel.obj
d:\projects\qtogl\qtogl\win32\debug\skybox.obj
d:\projects\qtogl\qtogl\win32\debug\shgl.obj
d:\projects\qtogl\qtogl\win32\debug\generate_cubemap_shc.obj
d:\projects\qtogl\qtogl\win32\debug\qrc_qtogl.obj
d:\class\cs550 intro of graphics\term project\qtogl\qtogl\win32\debug\vc120.pdb
d:\class\cs550 intro of graphics\term project\qtogl\qtogl\win32\debug\shadowmapgl.obj
d:\class\cs550 intro of graphics\term project\qtogl\qtogl\win32\debug\qtogl.obj
d:\class\cs550 intro of graphics\term project\qtogl\qtogl\win32\debug\oglframework.obj
d:\class\cs550 intro of graphics\term project\qtogl\qtogl\win32\debug\loadingshaders.obj
d:\class\cs550 intro of graphics\term project\qtogl\qtogl\win32\debug\moc_qtogl.obj
d:\class\cs550 intro of graphics\term project\qtogl\qtogl\win32\debug\moc_oglframework.obj
d:\class\cs550 intro of graphics\term project\qtogl\qtogl\win32\debug\qrc_qtogl.obj
d:\class\cs550 intro of graphics\term project\qtogl\qtogl\win32\debug\main.obj
d:\class\cs550 intro of graphics\term project\qtogl\qtogl\win32\debug\loadingmodel.obj
d:\projects\qtogl\qtogl\generatedfiles\debug\moc_qtogl.cpp
d:\projects\qtogl\qtogl\generatedfiles\ui_qtogl.h
d:\projects\qtogl\qtogl\generatedfiles\qrc_qtogl.cpp
d:\projects\qtogl\qtogl\generatedfiles\debug\moc_oglframework.cpp
d:\class\cs550 intro of graphics\term project\qtogl\qtogl\generatedfiles\debug\moc_qtogl.cpp
d:\class\cs550 intro of graphics\term project\qtogl\qtogl\generatedfiles\ui_qtogl.h
d:\class\cs550 intro of graphics\term project\qtogl\qtogl\generatedfiles\qrc_qtogl.cpp
d:\class\cs550 intro of graphics\term project\qtogl\qtogl\generatedfiles\debug\moc_oglframework.cpp
d:\projects\qtogl\win32\debug\qtogl.ilk
d:\projects\qtogl\win32\debug\qtogl.exe
d:\projects\qtogl\win32\debug\qtogl.pdb
d:\class\cs550 intro of graphics\term project\qtogl\win32\debug\qtogl.ilk
d:\class\cs550 intro of graphics\term project\qtogl\win32\debug\qtogl.exe
d:\class\cs550 intro of graphics\term project\qtogl\win32\debug\qtogl.pdb
d:\class\cs550 intro of graphics\term project\qtogl\qtogl\win32\debug\cubemaptoshcoef.obj
d:\class\cs550 intro of graphics\term project\qtogl\qtogl\win32\debug\generate_cubemap_shc.obj
d:\class\cs550 intro of graphics\term project\qtogl\qtogl\win32\debug\sh.obj
d:\class\cs550 intro of graphics\term project\qtogl\qtogl\win32\debug\shgl.obj
d:\class\cs550 intro of graphics\term project\qtogl\qtogl\win32\debug\skybox.obj
d:\class\cs550 intro of graphics\term project\qtogl\qtogl\win32\debug\qtogl.tlog\cl.command.1.tlog
d:\class\cs550 intro of graphics\term project\qtogl\qtogl\win32\debug\qtogl.tlog\cl.read.1.tlog
d:\class\cs550 intro of graphics\term project\qtogl\qtogl\win32\debug\qtogl.tlog\cl.write.1.tlog
d:\class\cs550 intro of graphics\term project\qtogl\qtogl\win32\debug\qtogl.tlog\custombuild.command.1.tlog
d:\class\cs550 intro of graphics\term project\qtogl\qtogl\win32\debug\qtogl.tlog\custombuild.read.1.tlog
d:\class\cs550 intro of graphics\term project\qtogl\qtogl\win32\debug\qtogl.tlog\custombuild.write.1.tlog
d:\class\cs550 intro of graphics\term project\qtogl\qtogl\win32\debug\qtogl.tlog\link.command.1.tlog
d:\class\cs550 intro of graphics\term project\qtogl\qtogl\win32\debug\qtogl.tlog\link.read.1.tlog
d:\class\cs550 intro of graphics\term project\qtogl\qtogl\win32\debug\qtogl.tlog\link.write.1.tlog
